<?xml version="1.0" encoding="UTF-8"?>
<!-- Generated by org.testng.reporters.JUnitReportReporter -->
<testsuite hostname="DESKTOP-4I65GEL" failures="0" tests="1" name="com.inetBanking.testCases.TC_LoginPageTest" time="7.770" errors="0" timestamp="2021-07-09T14:35:12 IST" skipped="0">
  <testcase classname="com.inetBanking.testCases.TC_LoginPageTest" name="doLogin" time="7.770"/>
  <system-out/>
</testsuite> <!-- com.inetBanking.testCases.TC_LoginPageTest -->
