<?xml version="1.0" encoding="UTF-8"?>
<!-- Generated by org.testng.reporters.JUnitReportReporter -->
<testsuite hostname="DESKTOP-4I65GEL" failures="0" tests="1" name="com.inetBanking.testCases.NewCustomerPageTest" time="20.480" errors="0" timestamp="2021-07-09T19:02:08 IST" skipped="0">
  <testcase classname="com.inetBanking.testCases.NewCustomerPageTest" name="addNewCustomer" time="20.480"/>
  <system-out/>
</testsuite> <!-- com.inetBanking.testCases.NewCustomerPageTest -->
