<?xml version="1.0" encoding="UTF-8"?>
<!-- Generated by org.testng.reporters.JUnitReportReporter -->
<testsuite skipped="0" hostname="DESKTOP-4I65GEL" name="com.inetBanking.testCases.TC_LoginPageTest" tests="1" failures="0" timestamp="2021-07-10T14:03:58 IST" time="8.729" errors="0">
  <testcase name="doLogin" time="8.729" classname="com.inetBanking.testCases.TC_LoginPageTest"/>
  <system-out/>
</testsuite> <!-- com.inetBanking.testCases.TC_LoginPageTest -->
