<?xml version="1.0" encoding="UTF-8"?>
<!-- Generated by org.testng.reporters.JUnitReportReporter -->
<testsuite skipped="0" hostname="DESKTOP-4I65GEL" name="com.inetBanking.testCases.NewCustomerPageTest" tests="1" failures="0" timestamp="2021-07-10T14:03:58 IST" time="21.283" errors="0">
  <testcase name="addNewCustomer" time="21.283" classname="com.inetBanking.testCases.NewCustomerPageTest"/>
  <system-out/>
</testsuite> <!-- com.inetBanking.testCases.NewCustomerPageTest -->
